<?xml version="1.0" encoding="UTF-8"?>
<testng-results skipped="0" failed="0" total="1" passed="1">
  <reporter-output>
  </reporter-output>
  <suite name="Default suite" duration-ms="48126" started-at="2017-08-29T13:30:02Z" finished-at="2017-08-29T13:30:51Z">
    <groups>
    </groups>
    <test name="Default test" duration-ms="48126" started-at="2017-08-29T13:30:02Z" finished-at="2017-08-29T13:30:51Z">
      <class name="com.taryn.test.TestOrder">
        <test-method status="PASS" signature="PayPalExpress(com.taryn.items.User)[pri:0, instance:com.taryn.test.TestOrder@42d80b78]" name="PayPalExpress" duration-ms="48100" started-at="2017-08-29T16:30:02Z" data-provider="getData" finished-at="2017-08-29T16:30:51Z">
          <params>
            <param index="0">
              <value>
                <![CDATA[com.taryn.items.User@1e127982]]>
              </value>
            </param>
          </params>
          <reporter-output>
          </reporter-output>
        </test-method> <!-- PayPalExpress -->
      </class> <!-- com.taryn.test.TestOrder -->
    </test> <!-- Default test -->
  </suite> <!-- Default suite -->
</testng-results>
